Using pre-set license

 COMMAND LINE ARGUMENTS:
/Applications/Unity/Hub/Editor/2020.3.4f1/Unity.app/Contents/MacOS/Unity
-adb2
-batchMode
-noUpm
-name
AssetImportWorker0
-projectPath
/Users/muratkacmaz/Desktop/codes/spine_example
-logFile
Logs/AssetImportWorker0.log
-srvPort
59753
Successfully changed project path to: /Users/muratkacmaz/Desktop/codes/spine_example
/Users/muratkacmaz/Desktop/codes/spine_example
Using Asset Import Pipeline V2.
Refreshing native plugins compatible for Editor in 79.00 ms, found 1 plugins.
Preloading 0 native plugins for Editor in 0.00 ms.
Initialize engine version: 2020.3.4f1 (0abb6314276a)
[Subsystems] Discovering subsystems at path /Applications/Unity/Hub/Editor/2020.3.4f1/Unity.app/Contents/Resources/UnitySubsystems
[Subsystems] Discovering subsystems at path /Users/muratkacmaz/Desktop/codes/spine_example/Assets
GfxDevice: creating device client; threaded=0
2021-07-02 15:25:23.127 Unity[30747:950890] Color LCD preferred device: Intel(R) Iris(TM) Plus Graphics 640 (low power)
2021-07-02 15:25:23.127 Unity[30747:950890] Metal devices available: 1
2021-07-02 15:25:23.127 Unity[30747:950890] 0: Intel(R) Iris(TM) Plus Graphics 640 (low power)
2021-07-02 15:25:23.127 Unity[30747:950890] Using device Intel(R) Iris(TM) Plus Graphics 640 (low power)
Initializing Metal device caps: Intel(R) Iris(TM) Plus Graphics 640
Initialize mono
Mono path[0] = '/Applications/Unity/Hub/Editor/2020.3.4f1/Unity.app/Contents/Managed'
Mono path[1] = '/Applications/Unity/Hub/Editor/2020.3.4f1/Unity.app/Contents/MonoBleedingEdge/lib/mono/unityjit'
Mono config path = '/Applications/Unity/Hub/Editor/2020.3.4f1/Unity.app/Contents/MonoBleedingEdge/etc'
Using monoOptions --debugger-agent=transport=dt_socket,embedding=1,server=y,suspend=n,address=127.0.0.1:56747
Begin MonoManager ReloadAssembly
Registering precompiled unity dll's ...
Register platform support module: /Applications/Unity/Hub/Editor/2020.3.4f1/PlaybackEngines/WebGLSupport/UnityEditor.WebGL.Extensions.dll
Register platform support module: /Applications/Unity/Hub/Editor/2020.3.4f1/Unity.app/Contents/PlaybackEngines/MacStandaloneSupport/UnityEditor.OSXStandalone.Extensions.dll
Register platform support module: /Applications/Unity/Hub/Editor/2020.3.4f1/PlaybackEngines/WindowsStandaloneSupport/UnityEditor.WindowsStandalone.Extensions.dll
Registered in 0.005876 seconds.
Native extension for WindowsStandalone target not found
Native extension for OSXStandalone target not found
Native extension for WebGL target not found
Refreshing native plugins compatible for Editor in 63.31 ms, found 1 plugins.
Preloading 0 native plugins for Editor in 0.00 ms.
Mono: successfully reloaded assembly
- Completed reload, in  9.026 seconds
Platform modules already initialized, skipping
Registering precompiled user dll's ...
Registered in 0.003438 seconds.
Begin MonoManager ReloadAssembly
Native extension for WindowsStandalone target not found
Native extension for OSXStandalone target not found
Native extension for WebGL target not found
Refreshing native plugins compatible for Editor in 0.44 ms, found 1 plugins.
Preloading 0 native plugins for Editor in 0.00 ms.
Mono: successfully reloaded assembly
- Completed reload, in  1.370 seconds
Platform modules already initialized, skipping
========================================================================
Worker process is ready to serve import requests
Launching external process: /Applications/Unity/Hub/Editor/2020.3.4f1/Unity.app/Contents/Tools/UnityShaderCompiler
Launched and connected shader compiler UnityShaderCompiler after 0.02 seconds
Refreshing native plugins compatible for Editor in 0.42 ms, found 1 plugins.
Preloading 0 native plugins for Editor in 0.00 ms.
Unloading 1593 Unused Serialized files (Serialized files now loaded: 0)
System memory in use before: 140.2 MB.
System memory in use after: 138.7 MB.

Unloading 45 unused Assets to reduce memory usage. Loaded Objects now: 2011.
Total: 6.118170 ms (FindLiveObjects: 0.614779 ms CreateObjectMapping: 0.129254 ms MarkObjects: 2.897371 ms  DeleteObjects: 2.472834 ms)

========================================================================
Received Import Request.
  path: Assets/animation/ProgressBar.cs
  artifactKey: Guid(9c153dff6e47f447fb63e8a81bcfa08b) Importer(815301076,1909f56bfc062723c751e8b465ee728b)
Start importing Assets/animation/ProgressBar.cs using Guid(9c153dff6e47f447fb63e8a81bcfa08b) Importer(815301076,1909f56bfc062723c751e8b465ee728b)  -> (artifact id: 'c3bb3144d1b79812ceb2280f67a2e55b') in 0.555058 seconds
  Import took 0.559645 seconds .

========================================================================
Received Prepare
Registering precompiled user dll's ...
Registered in 0.001000 seconds.
Begin MonoManager ReloadAssembly
Native extension for WindowsStandalone target not found
Native extension for OSXStandalone target not found
Native extension for WebGL target not found
Refreshing native plugins compatible for Editor in 0.53 ms, found 1 plugins.
Preloading 0 native plugins for Editor in 0.00 ms.
Mono: successfully reloaded assembly
- Completed reload, in  1.064 seconds
Platform modules already initialized, skipping
Refreshing native plugins compatible for Editor in 0.52 ms, found 1 plugins.
Preloading 0 native plugins for Editor in 0.00 ms.
Unloading 1562 Unused Serialized files (Serialized files now loaded: 0)
System memory in use before: 142.2 MB.
System memory in use after: 140.7 MB.

Unloading 36 unused Assets to reduce memory usage. Loaded Objects now: 2014.
Total: 4.456475 ms (FindLiveObjects: 0.436450 ms CreateObjectMapping: 0.120013 ms MarkObjects: 2.062875 ms  DeleteObjects: 1.835316 ms)

========================================================================
Received Import Request.
  Time since last request: 18.014084 seconds.
  path: Assets/animation/ProgressBar.cs
  artifactKey: Guid(9c153dff6e47f447fb63e8a81bcfa08b) Importer(815301076,1909f56bfc062723c751e8b465ee728b)
Start importing Assets/animation/ProgressBar.cs using Guid(9c153dff6e47f447fb63e8a81bcfa08b) Importer(815301076,1909f56bfc062723c751e8b465ee728b)  -> (artifact id: '3e0ab3008990601e65aa73cecb680377') in 0.009383 seconds
  Import took 0.012491 seconds .

========================================================================
Received Import Request.
  Time since last request: 0.042650 seconds.
  path: Assets/animation/ProgressBar.cs
  artifactKey: Guid(9c153dff6e47f447fb63e8a81bcfa08b) Importer(815301076,1909f56bfc062723c751e8b465ee728b)
Start importing Assets/animation/ProgressBar.cs using Guid(9c153dff6e47f447fb63e8a81bcfa08b) Importer(815301076,1909f56bfc062723c751e8b465ee728b)  -> (artifact id: '3e0ab3008990601e65aa73cecb680377') in 0.004512 seconds
  Import took 0.010523 seconds .

========================================================================
Received Prepare
Registering precompiled user dll's ...
Registered in 0.006880 seconds.
Begin MonoManager ReloadAssembly
Native extension for WindowsStandalone target not found
Native extension for OSXStandalone target not found
Native extension for WebGL target not found
Refreshing native plugins compatible for Editor in 0.44 ms, found 1 plugins.
Preloading 0 native plugins for Editor in 0.00 ms.
Mono: successfully reloaded assembly
- Completed reload, in  1.182 seconds
Platform modules already initialized, skipping
Refreshing native plugins compatible for Editor in 0.46 ms, found 1 plugins.
Preloading 0 native plugins for Editor in 0.00 ms.
Unloading 1562 Unused Serialized files (Serialized files now loaded: 0)
System memory in use before: 142.5 MB.
System memory in use after: 141.0 MB.

Unloading 36 unused Assets to reduce memory usage. Loaded Objects now: 2017.
Total: 4.604487 ms (FindLiveObjects: 0.548746 ms CreateObjectMapping: 0.151186 ms MarkObjects: 1.971169 ms  DeleteObjects: 1.930329 ms)

========================================================================
Received Prepare
Registering precompiled user dll's ...
Registered in 0.006171 seconds.
Begin MonoManager ReloadAssembly
Native extension for WindowsStandalone target not found
Native extension for OSXStandalone target not found
Native extension for WebGL target not found
Refreshing native plugins compatible for Editor in 0.45 ms, found 1 plugins.
Preloading 0 native plugins for Editor in 0.00 ms.
Mono: successfully reloaded assembly
- Completed reload, in  1.202 seconds
Platform modules already initialized, skipping
Refreshing native plugins compatible for Editor in 0.96 ms, found 1 plugins.
Preloading 0 native plugins for Editor in 0.00 ms.
Unloading 1562 Unused Serialized files (Serialized files now loaded: 0)
System memory in use before: 142.6 MB.
System memory in use after: 141.2 MB.

Unloading 36 unused Assets to reduce memory usage. Loaded Objects now: 2020.
Total: 3.759410 ms (FindLiveObjects: 0.213408 ms CreateObjectMapping: 0.050748 ms MarkObjects: 1.785294 ms  DeleteObjects: 1.707779 ms)

========================================================================
Received Prepare
Registering precompiled user dll's ...
Registered in 0.001660 seconds.
Begin MonoManager ReloadAssembly
Native extension for WindowsStandalone target not found
Native extension for OSXStandalone target not found
Native extension for WebGL target not found
Refreshing native plugins compatible for Editor in 0.48 ms, found 1 plugins.
Preloading 0 native plugins for Editor in 0.00 ms.
Mono: successfully reloaded assembly
- Completed reload, in  1.122 seconds
Platform modules already initialized, skipping
Refreshing native plugins compatible for Editor in 0.46 ms, found 1 plugins.
Preloading 0 native plugins for Editor in 0.00 ms.
Unloading 1562 Unused Serialized files (Serialized files now loaded: 0)
System memory in use before: 142.9 MB.
System memory in use after: 141.5 MB.

Unloading 36 unused Assets to reduce memory usage. Loaded Objects now: 2023.
Total: 5.254026 ms (FindLiveObjects: 0.421497 ms CreateObjectMapping: 0.105066 ms MarkObjects: 3.011760 ms  DeleteObjects: 1.712839 ms)

========================================================================
Received Prepare
Registering precompiled user dll's ...
Registered in 0.000907 seconds.
Begin MonoManager ReloadAssembly
Native extension for WindowsStandalone target not found
Native extension for OSXStandalone target not found
Native extension for WebGL target not found
Refreshing native plugins compatible for Editor in 0.72 ms, found 1 plugins.
Preloading 0 native plugins for Editor in 0.00 ms.
Mono: successfully reloaded assembly
- Completed reload, in  1.516 seconds
Platform modules already initialized, skipping
Refreshing native plugins compatible for Editor in 0.69 ms, found 1 plugins.
Preloading 0 native plugins for Editor in 0.00 ms.
Unloading 1562 Unused Serialized files (Serialized files now loaded: 0)
System memory in use before: 143.1 MB.
System memory in use after: 141.7 MB.

Unloading 36 unused Assets to reduce memory usage. Loaded Objects now: 2026.
Total: 5.612254 ms (FindLiveObjects: 0.266218 ms CreateObjectMapping: 0.054988 ms MarkObjects: 2.143057 ms  DeleteObjects: 3.146525 ms)

========================================================================
Received Prepare
Registering precompiled user dll's ...
Registered in 0.001545 seconds.
Begin MonoManager ReloadAssembly
Native extension for WindowsStandalone target not found
Native extension for OSXStandalone target not found
Native extension for WebGL target not found
Refreshing native plugins compatible for Editor in 0.42 ms, found 1 plugins.
Preloading 0 native plugins for Editor in 0.00 ms.
Mono: successfully reloaded assembly
- Completed reload, in  1.122 seconds
Platform modules already initialized, skipping
Refreshing native plugins compatible for Editor in 0.63 ms, found 1 plugins.
Preloading 0 native plugins for Editor in 0.00 ms.
Unloading 1562 Unused Serialized files (Serialized files now loaded: 0)
System memory in use before: 143.4 MB.
System memory in use after: 142.0 MB.

Unloading 36 unused Assets to reduce memory usage. Loaded Objects now: 2029.
Total: 4.447237 ms (FindLiveObjects: 0.450362 ms CreateObjectMapping: 0.138808 ms MarkObjects: 1.783163 ms  DeleteObjects: 2.072892 ms)

========================================================================
Received Prepare
Registering precompiled user dll's ...
Registered in 0.001446 seconds.
Begin MonoManager ReloadAssembly
Native extension for WindowsStandalone target not found
Native extension for OSXStandalone target not found
Native extension for WebGL target not found
Refreshing native plugins compatible for Editor in 0.49 ms, found 1 plugins.
Preloading 0 native plugins for Editor in 0.00 ms.
Mono: successfully reloaded assembly
- Completed reload, in  1.162 seconds
Platform modules already initialized, skipping
Refreshing native plugins compatible for Editor in 0.46 ms, found 1 plugins.
Preloading 0 native plugins for Editor in 0.00 ms.
Unloading 1562 Unused Serialized files (Serialized files now loaded: 0)
System memory in use before: 143.6 MB.
System memory in use after: 142.2 MB.

Unloading 36 unused Assets to reduce memory usage. Loaded Objects now: 2032.
Total: 3.975947 ms (FindLiveObjects: 0.296390 ms CreateObjectMapping: 0.121640 ms MarkObjects: 1.862914 ms  DeleteObjects: 1.693714 ms)

========================================================================
Received Prepare
Registering precompiled user dll's ...
Registered in 0.000936 seconds.
Begin MonoManager ReloadAssembly
Native extension for WindowsStandalone target not found
Native extension for OSXStandalone target not found
Native extension for WebGL target not found
Refreshing native plugins compatible for Editor in 0.64 ms, found 1 plugins.
Preloading 0 native plugins for Editor in 0.00 ms.
Mono: successfully reloaded assembly
- Completed reload, in  1.144 seconds
Platform modules already initialized, skipping
Refreshing native plugins compatible for Editor in 0.72 ms, found 1 plugins.
Preloading 0 native plugins for Editor in 0.00 ms.
Unloading 1562 Unused Serialized files (Serialized files now loaded: 0)
System memory in use before: 143.9 MB.
System memory in use after: 142.4 MB.

Unloading 36 unused Assets to reduce memory usage. Loaded Objects now: 2035.
Total: 3.783572 ms (FindLiveObjects: 0.353159 ms CreateObjectMapping: 0.088960 ms MarkObjects: 1.723460 ms  DeleteObjects: 1.615401 ms)

========================================================================
Received Prepare
Registering precompiled user dll's ...
Registered in 0.001394 seconds.
Begin MonoManager ReloadAssembly
Native extension for WindowsStandalone target not found
Native extension for OSXStandalone target not found
Native extension for WebGL target not found
Refreshing native plugins compatible for Editor in 0.80 ms, found 1 plugins.
Preloading 0 native plugins for Editor in 0.00 ms.
Mono: successfully reloaded assembly
- Completed reload, in  1.145 seconds
Platform modules already initialized, skipping
Refreshing native plugins compatible for Editor in 0.48 ms, found 1 plugins.
Preloading 0 native plugins for Editor in 0.00 ms.
Unloading 1562 Unused Serialized files (Serialized files now loaded: 0)
System memory in use before: 144.1 MB.
System memory in use after: 142.6 MB.

Unloading 36 unused Assets to reduce memory usage. Loaded Objects now: 2038.
Total: 3.640429 ms (FindLiveObjects: 0.311298 ms CreateObjectMapping: 0.071375 ms MarkObjects: 1.795504 ms  DeleteObjects: 1.460983 ms)

========================================================================
Received Prepare
Registering precompiled user dll's ...
Registered in 0.001061 seconds.
Begin MonoManager ReloadAssembly
Native extension for WindowsStandalone target not found
Native extension for OSXStandalone target not found
Native extension for WebGL target not found
Refreshing native plugins compatible for Editor in 0.44 ms, found 1 plugins.
Preloading 0 native plugins for Editor in 0.00 ms.
Mono: successfully reloaded assembly
- Completed reload, in  1.150 seconds
Platform modules already initialized, skipping
Refreshing native plugins compatible for Editor in 0.50 ms, found 1 plugins.
Preloading 0 native plugins for Editor in 0.00 ms.
Unloading 1562 Unused Serialized files (Serialized files now loaded: 0)
System memory in use before: 144.3 MB.
System memory in use after: 142.9 MB.

Unloading 36 unused Assets to reduce memory usage. Loaded Objects now: 2041.
Total: 4.279346 ms (FindLiveObjects: 0.405515 ms CreateObjectMapping: 0.113873 ms MarkObjects: 1.587296 ms  DeleteObjects: 2.170963 ms)

========================================================================
Received Prepare
Registering precompiled user dll's ...
Registered in 0.001428 seconds.
Begin MonoManager ReloadAssembly
Native extension for WindowsStandalone target not found
Native extension for OSXStandalone target not found
Native extension for WebGL target not found
Refreshing native plugins compatible for Editor in 0.54 ms, found 1 plugins.
Preloading 0 native plugins for Editor in 0.00 ms.
Mono: successfully reloaded assembly
- Completed reload, in  1.301 seconds
Platform modules already initialized, skipping
Refreshing native plugins compatible for Editor in 0.73 ms, found 1 plugins.
Preloading 0 native plugins for Editor in 0.00 ms.
Unloading 1562 Unused Serialized files (Serialized files now loaded: 0)
System memory in use before: 144.5 MB.
System memory in use after: 143.1 MB.

Unloading 36 unused Assets to reduce memory usage. Loaded Objects now: 2044.
Total: 5.348299 ms (FindLiveObjects: 0.298536 ms CreateObjectMapping: 0.089834 ms MarkObjects: 2.513124 ms  DeleteObjects: 2.445217 ms)

========================================================================
Received Prepare
Registering precompiled user dll's ...
Registered in 0.001215 seconds.
Begin MonoManager ReloadAssembly
Native extension for WindowsStandalone target not found
Native extension for OSXStandalone target not found
Native extension for WebGL target not found
Refreshing native plugins compatible for Editor in 0.49 ms, found 1 plugins.
Preloading 0 native plugins for Editor in 0.00 ms.
Mono: successfully reloaded assembly
- Completed reload, in  1.173 seconds
Platform modules already initialized, skipping
Refreshing native plugins compatible for Editor in 0.45 ms, found 1 plugins.
Preloading 0 native plugins for Editor in 0.00 ms.
Unloading 1562 Unused Serialized files (Serialized files now loaded: 0)
System memory in use before: 144.8 MB.
System memory in use after: 143.4 MB.

Unloading 36 unused Assets to reduce memory usage. Loaded Objects now: 2047.
Total: 5.498243 ms (FindLiveObjects: 0.371527 ms CreateObjectMapping: 0.109010 ms MarkObjects: 3.174333 ms  DeleteObjects: 1.841050 ms)

========================================================================
Received Prepare
Registering precompiled user dll's ...
Registered in 0.001070 seconds.
Begin MonoManager ReloadAssembly
Native extension for WindowsStandalone target not found
Native extension for OSXStandalone target not found
Native extension for WebGL target not found
Refreshing native plugins compatible for Editor in 0.49 ms, found 1 plugins.
Preloading 0 native plugins for Editor in 0.00 ms.
Mono: successfully reloaded assembly
- Completed reload, in  1.177 seconds
Platform modules already initialized, skipping
Refreshing native plugins compatible for Editor in 0.56 ms, found 1 plugins.
Preloading 0 native plugins for Editor in 0.00 ms.
Unloading 1562 Unused Serialized files (Serialized files now loaded: 0)
System memory in use before: 145.0 MB.
System memory in use after: 143.6 MB.

Unloading 36 unused Assets to reduce memory usage. Loaded Objects now: 2050.
Total: 3.775510 ms (FindLiveObjects: 0.293094 ms CreateObjectMapping: 0.080616 ms MarkObjects: 1.630273 ms  DeleteObjects: 1.770334 ms)

========================================================================
Received Prepare
Registering precompiled user dll's ...
Registered in 0.007944 seconds.
Begin MonoManager ReloadAssembly
Native extension for WindowsStandalone target not found
Native extension for OSXStandalone target not found
Native extension for WebGL target not found
Refreshing native plugins compatible for Editor in 0.44 ms, found 1 plugins.
Preloading 0 native plugins for Editor in 0.00 ms.
Mono: successfully reloaded assembly
- Completed reload, in  1.576 seconds
Platform modules already initialized, skipping
Refreshing native plugins compatible for Editor in 0.48 ms, found 1 plugins.
Preloading 0 native plugins for Editor in 0.00 ms.
Unloading 1562 Unused Serialized files (Serialized files now loaded: 0)
System memory in use before: 145.3 MB.
System memory in use after: 143.9 MB.

Unloading 36 unused Assets to reduce memory usage. Loaded Objects now: 2053.
Total: 5.144295 ms (FindLiveObjects: 0.572883 ms CreateObjectMapping: 0.175545 ms MarkObjects: 2.599361 ms  DeleteObjects: 1.794821 ms)

========================================================================
Received Prepare
Registering precompiled user dll's ...
Registered in 0.001094 seconds.
Begin MonoManager ReloadAssembly
Native extension for WindowsStandalone target not found
Native extension for OSXStandalone target not found
Native extension for WebGL target not found
Refreshing native plugins compatible for Editor in 0.43 ms, found 1 plugins.
Preloading 0 native plugins for Editor in 0.00 ms.
Mono: successfully reloaded assembly
- Completed reload, in  1.156 seconds
Platform modules already initialized, skipping
Refreshing native plugins compatible for Editor in 0.46 ms, found 1 plugins.
Preloading 0 native plugins for Editor in 0.00 ms.
Unloading 1562 Unused Serialized files (Serialized files now loaded: 0)
System memory in use before: 145.5 MB.
System memory in use after: 144.0 MB.

Unloading 36 unused Assets to reduce memory usage. Loaded Objects now: 2056.
Total: 4.648405 ms (FindLiveObjects: 0.381789 ms CreateObjectMapping: 0.127303 ms MarkObjects: 2.261243 ms  DeleteObjects: 1.875878 ms)

========================================================================
Received Prepare
Registering precompiled user dll's ...
Registered in 0.000972 seconds.
Begin MonoManager ReloadAssembly
Native extension for WindowsStandalone target not found
Native extension for OSXStandalone target not found
Native extension for WebGL target not found
Refreshing native plugins compatible for Editor in 0.70 ms, found 1 plugins.
Preloading 0 native plugins for Editor in 0.00 ms.
Mono: successfully reloaded assembly
- Completed reload, in  1.110 seconds
Platform modules already initialized, skipping
Refreshing native plugins compatible for Editor in 0.66 ms, found 1 plugins.
Preloading 0 native plugins for Editor in 0.00 ms.
Unloading 1562 Unused Serialized files (Serialized files now loaded: 0)
System memory in use before: 145.8 MB.
System memory in use after: 144.3 MB.

Unloading 36 unused Assets to reduce memory usage. Loaded Objects now: 2059.
Total: 6.369668 ms (FindLiveObjects: 0.817221 ms CreateObjectMapping: 0.410785 ms MarkObjects: 2.885592 ms  DeleteObjects: 2.254488 ms)

========================================================================
Received Prepare
Registering precompiled user dll's ...
Registered in 0.003515 seconds.
Begin MonoManager ReloadAssembly
Native extension for WindowsStandalone target not found
Native extension for OSXStandalone target not found
Native extension for WebGL target not found
Refreshing native plugins compatible for Editor in 0.43 ms, found 1 plugins.
Preloading 0 native plugins for Editor in 0.00 ms.
Mono: successfully reloaded assembly
- Completed reload, in  1.303 seconds
Platform modules already initialized, skipping
Refreshing native plugins compatible for Editor in 0.51 ms, found 1 plugins.
Preloading 0 native plugins for Editor in 0.00 ms.
Unloading 1562 Unused Serialized files (Serialized files now loaded: 0)
System memory in use before: 146.0 MB.
System memory in use after: 144.5 MB.

Unloading 36 unused Assets to reduce memory usage. Loaded Objects now: 2062.
Total: 3.829201 ms (FindLiveObjects: 0.236353 ms CreateObjectMapping: 0.051205 ms MarkObjects: 1.704152 ms  DeleteObjects: 1.836387 ms)

========================================================================
Received Prepare
Registering precompiled user dll's ...
Registered in 0.000951 seconds.
Begin MonoManager ReloadAssembly
Native extension for WindowsStandalone target not found
Native extension for OSXStandalone target not found
Native extension for WebGL target not found
Refreshing native plugins compatible for Editor in 0.43 ms, found 1 plugins.
Preloading 0 native plugins for Editor in 0.00 ms.
Mono: successfully reloaded assembly
- Completed reload, in  1.105 seconds
Platform modules already initialized, skipping
Refreshing native plugins compatible for Editor in 0.51 ms, found 1 plugins.
Preloading 0 native plugins for Editor in 0.00 ms.
Unloading 1562 Unused Serialized files (Serialized files now loaded: 0)
System memory in use before: 146.2 MB.
System memory in use after: 144.8 MB.

Unloading 36 unused Assets to reduce memory usage. Loaded Objects now: 2065.
Total: 4.319637 ms (FindLiveObjects: 0.297159 ms CreateObjectMapping: 0.080274 ms MarkObjects: 2.082429 ms  DeleteObjects: 1.857135 ms)

========================================================================
Received Prepare
Registering precompiled user dll's ...
Registered in 0.005790 seconds.
Begin MonoManager ReloadAssembly
Native extension for WindowsStandalone target not found
Native extension for OSXStandalone target not found
Native extension for WebGL target not found
Refreshing native plugins compatible for Editor in 0.44 ms, found 1 plugins.
Preloading 0 native plugins for Editor in 0.00 ms.
Mono: successfully reloaded assembly
- Completed reload, in  1.299 seconds
Platform modules already initialized, skipping
Refreshing native plugins compatible for Editor in 0.46 ms, found 1 plugins.
Preloading 0 native plugins for Editor in 0.00 ms.
Unloading 1562 Unused Serialized files (Serialized files now loaded: 0)
System memory in use before: 146.4 MB.
System memory in use after: 145.0 MB.

Unloading 36 unused Assets to reduce memory usage. Loaded Objects now: 2068.
Total: 3.980025 ms (FindLiveObjects: 0.428955 ms CreateObjectMapping: 0.107203 ms MarkObjects: 1.743246 ms  DeleteObjects: 1.698260 ms)

